2024-07-05 20:23:26,250 - INFO - Opened website: https://www.nytimes.com/
2024-07-05 20:23:35,186 - INFO - Searched for keyword: Covid Pakistan
2024-07-05 20:23:35,347 - INFO - Applied date filter: All Since 1851
2024-07-05 20:23:35,811 - INFO - Applied section filters: Business and Health
2024-07-05 20:23:36,270 - INFO - Applied type filter
2024-07-05 20:23:38,415 - INFO - Loaded more results
2024-07-05 20:23:40,514 - INFO - Loaded more results
2024-07-05 20:23:42,585 - INFO - Loaded more results
2024-07-05 20:23:44,652 - INFO - Loaded more results
2024-07-05 20:23:44,669 - INFO - No more results to load
2024-07-05 20:23:44,764 - INFO - Scraped data - DATE: 11h ago TITLE: Political Unrest Worldwide Is Fueled by High Prices and Huge Debts IMAGE URL: https://static01.nyt.com/images/2024/07/05/multimedia/05global-unrest-gljp/05global-unrest-gljp-threeByTwoSmallAt2X.jpg?quality=75&auto=webp&disable=upscale
2024-07-05 20:23:44,820 - INFO - Scraped data - DATE: Nov. 30, 2023 TITLE: Climate Change Drives New Cases of Malaria, Complicating Efforts to Fight the Disease IMAGE URL: https://static01.nyt.com/images/2023/11/30/science/30malaria-climate/30malaria-climate-threeByTwoSmallAt2X.jpg?quality=75&auto=webp&disable=upscale
2024-07-05 20:23:44,881 - INFO - Scraped data - DATE: Nov. 25, 2023 TITLE: Unvaccinated and Vulnerable: Children Drive Surge in Deadly Outbreaks IMAGE URL: https://static01.nyt.com/images/2023/11/21/multimedia/xx-vaccination-missed-01-gvfp/xx-vaccination-missed-01-gvfp-threeByTwoSmallAt2X.jpg?quality=75&auto=webp&disable=upscale
2024-07-05 20:23:44,939 - INFO - Scraped data - DATE: May 5, 2023 TITLE: W.H.O. Ends Global Health Emergency Designation for Covid IMAGE URL: https://static01.nyt.com/images/2023/05/04/multimedia/04virus-WHO-emergency-fmvp/04virus-WHO-emergency-fmvp-threeByTwoSmallAt2X.jpg?quality=75&auto=webp&disable=upscale
2024-07-05 20:23:44,994 - INFO - Scraped data - DATE: June 9, 2021 TITLE: A Multibillion-Dollar Plan to End Polio, and Soon IMAGE URL: https://static01.nyt.com/images/2021/06/09/science/09POLIO1/09POLIO1-threeByTwoSmallAt2X.jpg?quality=75&auto=webp&disable=upscale
2024-07-05 20:23:45,053 - INFO - Scraped data - DATE: May 5, 2022 TITLE: Death Toll During Pandemic Far Exceeds Totals Reported by Countries, W.H.O. Says IMAGE URL: https://static01.nyt.com/images/2022/05/05/science/05-virus-WHO-excess1/05-virus-WHO-excess1-threeByTwoSmallAt2X-v2.jpg?quality=75&auto=webp&disable=upscale
2024-07-05 20:23:45,108 - INFO - Scraped data - DATE: Sept. 21, 2023 TITLE: ‘Only God Can Thank You’: Female Health Workers Fight to Be Paid IMAGE URL: https://static01.nyt.com/images/2023/09/13/multimedia/xx-healthworkers-women-promo/xx-healthworkers-women-promo-threeByTwoSmallAt2X.jpg?quality=75&auto=webp&disable=upscale
2024-07-05 20:23:45,160 - INFO - Scraped data - DATE: July 7, 2021 TITLE: Across Borders and Divides, One ‘Heavenly’ Refresher Cools Summer Heat IMAGE URL: https://static01.nyt.com/images/2021/06/16/world/00india-drink-2-hppromo/merlin_186649770_f15d2b07-55de-471d-8e8a-c7aaafa9da60-threeByTwoSmallAt2X.jpg?quality=75&auto=webp&disable=upscale
2024-07-05 20:23:45,212 - INFO - Scraped data - DATE: June 14 TITLE: $29 Trillion: That’s How Much Debt Emerging Nations Are Facing IMAGE URL: https://static01.nyt.com/images/2024/06/18/multimedia/00global-debt-01-fmcw/00global-debt-01-fmcw-threeByTwoSmallAt2X.jpg?quality=75&auto=webp&disable=upscale
2024-07-05 20:23:45,269 - INFO - Scraped data - DATE: June 3, 2020 TITLE: Malaria Drug Promoted by Trump Did Not Prevent Covid Infections, Study Finds IMAGE URL: https://static01.nyt.com/images/2020/06/03/science/03VIRUS-HCQ2/03VIRUS-HCQ2-threeByTwoSmallAt2X.jpg?quality=75&auto=webp&disable=upscale
2024-07-05 20:23:45,324 - INFO - Scraped data - DATE: Dec. 14, 2020 TITLE: The Next Vaccine Challenge: Reassuring Older Americans IMAGE URL: https://static01.nyt.com/images/2020/12/14/science/14VIRUS-ELDERLY1/14VIRUS-ELDERLY1-threeByTwoSmallAt2X.jpg?quality=75&auto=webp&disable=upscale
2024-07-05 20:23:45,376 - INFO - Scraped data - DATE: Sept. 11, 2020 TITLE: The Other Way Covid Will Kill: Hunger IMAGE URL: https://static01.nyt.com/images/2020/09/13/business/11hunger-11/11hunger-11-threeByTwoSmallAt2X-v2.jpg?quality=75&auto=webp&disable=upscale
2024-07-05 20:23:45,430 - INFO - Scraped data - DATE: May 22, 2020 TITLE: Polio and Measles Could Surge After Disruption of Vaccine Programs IMAGE URL: https://static01.nyt.com/images/2020/05/22/science/22VIRUS-SHOTS/22VIRUS-SHOTS-threeByTwoSmallAt2X.jpg?quality=75&auto=webp&disable=upscale
2024-07-05 20:23:45,483 - INFO - Scraped data - DATE: Aug. 18, 2022 TITLE: Polio Was Almost Eradicated. This Year It Staged a Comeback. IMAGE URL: https://static01.nyt.com/images/2022/08/23/science/00sci-polio1/00sci-polio1-threeByTwoSmallAt2X.jpg?quality=75&auto=webp&disable=upscale
2024-07-05 20:23:45,536 - INFO - Scraped data - DATE: April 1 TITLE: 5 Things to Know to Understand India’s Economy Under Modi IMAGE URL: https://static01.nyt.com/images/2024/04/01/multimedia/01India-Econ-Takeaways1-btfp/01India-Econ-Takeaways1-btfp-threeByTwoSmallAt2X.jpg?quality=75&auto=webp&disable=upscale
2024-07-05 20:23:45,588 - INFO - Scraped data - DATE: Nov. 1, 2020 TITLE: How the Wealthy World Has Failed Poor Countries During the Pandemic IMAGE URL: https://static01.nyt.com/images/2020/11/02/lens/01EmergingEconomies-print/01EmergingEconomies-photo1-threeByTwoSmallAt2X.jpg?quality=75&auto=webp&disable=upscale
2024-07-05 20:23:45,641 - INFO - Scraped data - DATE: May 18, 2020 TITLE: Poor Countries Borrowed Billions from China. They Can’t Pay It Back. IMAGE URL: https://static01.nyt.com/images/2020/05/19/business/19virus-china-debt-1/00virus-china-debt-1-threeByTwoSmallAt2X.jpg?quality=75&auto=webp&disable=upscale
2024-07-05 20:23:45,691 - INFO - Scraped data - DATE: Oct. 5, 2022 TITLE: A Strong Dollar Is Wreaking Havoc on Emerging Markets. A Debt Crisis Could Be Next. IMAGE URL: https://static01.nyt.com/images/2022/10/05/business/05dollar-em-3a/merlin_208591185_0bde1d7c-da4c-4c1b-b91f-7dc6efd9f336-threeByTwoSmallAt2X.jpg?quality=75&auto=webp&disable=upscale
2024-07-05 20:23:45,746 - INFO - Scraped data - DATE: Nov. 1, 2023 TITLE: Risk of a Wider Middle East War Threatens a ‘Fragile’ World Economy IMAGE URL: https://static01.nyt.com/images/2023/11/01/multimedia/00global-econ-01-mzgc/00global-econ-01-mzgc-threeByTwoSmallAt2X.jpg?quality=75&auto=webp&disable=upscale
2024-07-05 20:23:45,796 - INFO - Scraped data - DATE: Dec. 25, 2020 TITLE: Vaccine Memories of Another Time and Place IMAGE URL: https://static01.nyt.com/images/2020/12/25/nyregion/25virus-briefing-polio-vaccine/25virus-briefing-polio-vaccine-threeByTwoSmallAt2X.jpg?quality=75&auto=webp&disable=upscale
2024-07-05 20:23:45,848 - INFO - Scraped data - DATE: Jan. 14, 2022 TITLE: Critics Say I.M.F. Loan Fees Are Hurting Nations in Desperate Need IMAGE URL: https://static01.nyt.com/images/2022/01/14/business/14IMF-print1/13IMF6-threeByTwoSmallAt2X.jpg?quality=75&auto=webp&disable=upscale
2024-07-05 20:23:45,899 - INFO - Scraped data - DATE: Jan. 23, 2021 TITLE: If Poor Countries Go Unvaccinated, a Study Says, Rich Ones Will Pay IMAGE URL: https://static01.nyt.com/images/2021/01/25/business/23global-economy-vaccines-print/23global-economy-vaccines1-threeByTwoSmallAt2X.jpg?quality=75&auto=webp&disable=upscale
2024-07-05 20:23:45,954 - INFO - Scraped data - DATE: Nov. 6, 2023 TITLE: China Is Lending Billions to Countries in Financial Trouble IMAGE URL: https://static01.nyt.com/images/2023/11/08/multimedia/06JPchina-debt-print-cmpl/06china-debt-01-cmpl-threeByTwoSmallAt2X.jpg?quality=75&auto=webp&disable=upscale
2024-07-05 20:23:46,006 - INFO - Scraped data - DATE: March 5, 2021 TITLE: The Pandemic Needs Its Smokey Bear IMAGE URL: https://static01.nyt.com/images/2021/03/07/business/00CovidPR-01/00CovidPR-01-threeByTwoSmallAt2X-v2.jpg?quality=75&auto=webp&disable=upscale
2024-07-05 20:23:46,059 - INFO - Scraped data - DATE: Feb. 22, 2023 TITLE: Global Declines in Maternal Mortality Have Stalled IMAGE URL: https://static01.nyt.com/images/2023/02/22/science/22maternal-health/22maternal-health-threeByTwoSmallAt2X.jpg?quality=75&auto=webp&disable=upscale
2024-07-05 20:23:46,112 - INFO - Scraped data - DATE: June 14, 2020 TITLE: Slowing the Coronavirus Is Speeding the Spread of Other Diseases IMAGE URL: https://static01.nyt.com/images/2020/06/11/science/00VIRUS-VAX3/00VIRUS-VAX3-threeByTwoSmallAt2X.jpg?quality=75&auto=webp&disable=upscale
2024-07-05 20:23:46,166 - INFO - Scraped data - DATE: Jan. 25, 2021 TITLE: China Wanted to Show Off Its Vaccines. It’s Backfiring. IMAGE URL: https://static01.nyt.com/images/2021/01/26/business/00JPvirus-china-backlash1-print/00JPvirus-china-backlash1-print-threeByTwoSmallAt2X-v2.jpg?quality=75&auto=webp&disable=upscale
2024-07-05 20:23:46,236 - INFO - Scraped data - DATE: Sept. 11, 2020 TITLE: From Asia to Africa, China Promotes Its Vaccines to Win Friends IMAGE URL: https://static01.nyt.com/images/2020/09/11/world/00vaccine-diplomacy-print/00vaccine-diplomacy-1-threeByTwoSmallAt2X.jpg?quality=75&auto=webp&disable=upscale
2024-07-05 20:23:46,309 - INFO - Scraped data - DATE: June 24, 2021 TITLE: This Is the Plan to Rescue Poor Countries From the Pandemic IMAGE URL: https://static01.nyt.com/images/2021/06/25/business/25IMF-print1/24IMF-1-threeByTwoSmallAt2X.jpg?quality=75&auto=webp&disable=upscale
2024-07-05 20:23:46,361 - INFO - Scraped data - DATE: Aug. 23, 2023 TITLE: Can Shrinking Be Good for Japan? A Marxist Best Seller Makes the Case. IMAGE URL: https://static01.nyt.com/images/2023/08/11/multimedia/00japan-degrowth-01-jkct/00japan-degrowth-01-jkct-threeByTwoSmallAt2X-v2.jpg?quality=75&auto=webp&disable=upscale
2024-07-05 20:23:46,416 - INFO - Scraped data - DATE: Sept. 2, 2020 TITLE: Trump Administration Will Redirect $62 Million Owed to the W.H.O. IMAGE URL: https://static01.nyt.com/images/2020/09/02/science/02VIRUS-WHO1/02VIRUS-WHO1-threeByTwoSmallAt2X.jpg?quality=75&auto=webp&disable=upscale
2024-07-05 20:23:46,471 - INFO - Scraped data - DATE: July 16, 2022 TITLE: The World Economy Is Imperiled by a Force Hiding in Plain Sight IMAGE URL: https://static01.nyt.com/images/2022/07/16/multimedia/16global-econ-1/16global-econ-1-threeByTwoSmallAt2X.jpg?quality=75&auto=webp&disable=upscale
2024-07-05 20:23:46,522 - INFO - Scraped data - DATE: Oct. 12, 2020 TITLE: A Dose of Optimism, as the Pandemic Rages On IMAGE URL: https://static01.nyt.com/images/2020/10/12/science/12SCI-OPTIMISM-promo/12SCI-OPTIMISM-promo-threeByTwoSmallAt2X.jpg?quality=75&auto=webp&disable=upscale
2024-07-05 20:23:46,574 - INFO - Scraped data - DATE: March 29, 2020 TITLE: White House Airlifts Medical Supplies From China in Coronavirus Fight IMAGE URL: https://static01.nyt.com/images/2020/03/29/business/00dc-virus-china-supplies1/00dc-virus-china-supplies1-threeByTwoSmallAt2X-v2.jpg?quality=75&auto=webp&disable=upscale
2024-07-05 20:23:46,626 - INFO - Scraped data - DATE: May 17, 2022 TITLE: Poor Countries Face a Mounting Catastrophe Fueled by Inflation and Debt IMAGE URL: https://static01.nyt.com/images/2022/05/16/business/00global-econ-1/merlin_206767902_f6784618-f4c7-42a5-abff-7c8195d7c8ef-threeByTwoSmallAt2X.jpg?quality=75&auto=webp&disable=upscale
2024-07-05 20:23:46,679 - INFO - Scraped data - DATE: Nov. 28, 2020 TITLE: A.A. to Zoom, Substance Abuse Treatment Goes Online IMAGE URL: https://static01.nyt.com/images/2020/11/28/science/28VIRUS-AA1/28VIRUS-AA1-threeByTwoSmallAt2X.jpg?quality=75&auto=webp&disable=upscale
2024-07-05 20:23:46,732 - INFO - Scraped data - DATE: Feb. 28, 2020 TITLE: The Selling Gets Serious IMAGE URL: https://static01.nyt.com/images/2020/02/28/business/28db-newsletter-virusstoxx/merlin_169666314_e894f83d-77c7-4c79-88bc-38c2054604b9-threeByTwoSmallAt2X.jpg?quality=75&auto=webp&disable=upscale
2024-07-05 20:23:46,787 - INFO - Scraped data - DATE: April 10, 2020 TITLE: A New Front for Nationalism: The Global Battle Against a Virus IMAGE URL: https://static01.nyt.com/images/2020/04/09/business/09virus-nationalism-illo-web/09virus-nationalism-illo-web-threeByTwoSmallAt2X-v2.jpg?quality=75&auto=webp&disable=upscale
2024-07-05 20:23:46,841 - INFO - Scraped data - DATE: Aug. 26, 2020 TITLE: In Britain, an Idea to Reduce Racial Inequality Gains Momentum IMAGE URL: https://static01.nyt.com/images/2020/08/19/business/19ethnicitypaygaps/19ethnicitypaygaps-threeByTwoSmallAt2X.jpg?quality=75&auto=webp&disable=upscale
2024-07-05 20:23:46,898 - INFO - Scraped data - DATE: Nov. 23, 2022 TITLE: Losses Pile Up in FTX Bankruptcy Turmoil IMAGE URL: https://static01.nyt.com/images/2022/11/23/multimedia/23DB-ftx-1-5de9/23DB-ftx-1-5de9-threeByTwoSmallAt2X.jpg?quality=75&auto=webp&disable=upscale
2024-07-05 20:23:46,950 - INFO - Scraped data - DATE: Oct. 3, 2020 TITLE: The Short Tenure and Abrupt Ouster of Banking’s Sole Black C.E.O. IMAGE URL: https://static01.nyt.com/images/2020/10/02/business/02THIAM-LEDE-sub/02THIAM-LEDE-sub-threeByTwoSmallAt2X.jpg?quality=75&auto=webp&disable=upscale
2024-07-05 20:23:47,002 - INFO - Scraped data - DATE: Feb. 22, 2022 TITLE: The Economic Stakes of the Ukraine Crisis IMAGE URL: https://static01.nyt.com/images/2022/02/22/multimedia/22db-newsletter-ukraine1/22db-newsletter-ukraine1-threeByTwoSmallAt2X.jpg?quality=75&auto=webp&disable=upscale
2024-07-05 20:23:47,055 - INFO - Scraped data - DATE: Sept. 2, 2021 TITLE: The Business of Voting in Texas IMAGE URL: https://static01.nyt.com/images/2021/09/02/business/02db-newsletter-texas/merlin_190809579_28e154d9-505a-4fd0-8959-9ba98b96fc09-threeByTwoSmallAt2X.jpg?quality=75&auto=webp&disable=upscale
2024-07-05 20:23:47,108 - INFO - Scraped data - DATE: Aug. 16, 2021 TITLE: The Fallout from Afghanistan IMAGE URL: https://static01.nyt.com/images/2021/08/16/business/16db-newsletter-afghanistan/merlin_193330452_326eaea7-f750-4b2a-8ebf-c746dc902c73-threeByTwoSmallAt2X.jpg?quality=75&auto=webp&disable=upscale
2024-07-05 20:23:57,119 - INFO - Data saved to nytimes_data.json
2024-07-05 20:23:57,292 - INFO - Browser closed
2024-07-05 20:23:57,292 - INFO - Scraping completed with 44 items
